2022-08-07 18:11:24 INFO  Log:11 - =====================================loginTest TEST START=========================================
2022-08-07 18:11:24 INFO  Log:22 - User is going to click on SignIn
2022-08-07 18:11:31 INFO  Log:22 - Enter Username and Password
2022-08-07 18:11:34 INFO  Log:22 - Verifying if User is able to login
2022-08-07 18:11:34 INFO  Log:22 - Login is Sucess
2022-08-07 18:11:34 INFO  Log:15 - =====================================loginTest TEST END=========================================
2022-08-07 19:52:23 INFO  Log:11 - =====================================loginTest TEST START=========================================
2022-08-07 19:52:23 INFO  Log:22 - User is going to click on SignIn
2022-08-07 19:52:32 INFO  Log:22 - Enter Username and Password
2022-08-07 19:52:37 INFO  Log:22 - Verifying if User is able to login
2022-08-07 19:52:37 INFO  Log:22 - Login is Sucess
2022-08-07 19:52:37 INFO  Log:15 - =====================================loginTest TEST END=========================================
2022-08-07 22:28:00 INFO  Log:11 - =====================================loginTest TEST START=========================================
2022-08-07 22:28:00 INFO  Log:22 - User is going to click on SignIn
2022-08-07 22:28:08 INFO  Log:22 - Enter Username and Password
2022-08-07 22:28:20 INFO  Log:22 - Verifying if User is able to login
2022-08-07 22:28:20 INFO  Log:22 - Login is Sucess
2022-08-07 22:28:20 INFO  Log:15 - =====================================loginTest TEST END=========================================
2022-08-07 22:30:02 INFO  Log:11 - =====================================loginTest TEST START=========================================
2022-08-07 22:30:02 INFO  Log:22 - User is going to click on SignIn
2022-08-07 22:30:08 INFO  Log:22 - Enter Username and Password
2022-08-07 22:30:14 INFO  Log:22 - Verifying if User is able to login
2022-08-07 22:30:14 INFO  Log:22 - Login is Sucess
2022-08-07 22:30:14 INFO  Log:15 - =====================================loginTest TEST END=========================================
2022-08-07 22:30:38 INFO  Log:11 - =====================================loginTest TEST START=========================================
2022-08-07 22:30:38 INFO  Log:22 - User is going to click on SignIn
2022-08-07 22:30:44 INFO  Log:22 - Enter Username and Password
2022-08-07 22:30:49 INFO  Log:22 - Verifying if User is able to login
2022-08-07 22:40:44 INFO  Log:11 - =====================================loginTest TEST START=========================================
2022-08-07 22:40:44 INFO  Log:22 - User is going to click on SignIn
2022-08-07 22:40:52 INFO  Log:22 - Enter Username and Password
2022-08-07 22:41:02 INFO  Log:22 - Verifying if User is able to login
2022-08-07 22:41:02 INFO  Log:22 - Login is Sucess
2022-08-07 22:41:02 INFO  Log:15 - =====================================loginTest TEST END=========================================
2022-08-07 23:26:05 INFO  Log:11 - =====================================loginTest TEST START=========================================
2022-08-07 23:26:06 INFO  Log:22 - User is going to click on SignIn
2022-08-07 23:26:09 INFO  Log:22 - Enter Username and Password
2022-08-07 23:26:14 INFO  Log:22 - Verifying if User is able to login
2022-08-07 23:26:14 INFO  Log:22 - Login is Sucess
2022-08-07 23:26:14 INFO  Log:15 - =====================================loginTest TEST END=========================================
2022-08-08 15:01:02 INFO  Log:11 - =====================================verifyaddToCart TEST START=========================================
2022-08-08 15:01:11 INFO  Log:22 - Entering quntity of Product
2022-08-08 15:01:11 INFO  Log:22 - Entering Size of Product
2022-08-08 15:01:12 INFO  Log:22 - Click on Add To Cart Button
2022-08-08 15:01:14 INFO  Log:15 - =====================================verifyaddToCart TEST END=========================================
2022-08-08 15:56:17 INFO  Log:11 - =====================================verifyAccountCreationPage TEST START=========================================
2022-08-08 15:56:24 INFO  Log:15 - =====================================verifyAccountCreationPage TEST END=========================================
2022-08-08 15:56:37 INFO  Log:11 - =====================================verifyOrderHistory TEST START=========================================
2022-08-08 15:56:50 INFO  Log:15 - =====================================verifyOrderHistory TEST END=========================================
2022-08-08 15:57:00 INFO  Log:11 - =====================================verifyWishList TEST START=========================================
2022-08-08 15:57:16 INFO  Log:15 - =====================================verifyWishList TEST END=========================================
2022-08-08 15:57:34 INFO  Log:11 - =====================================verifyLogo TEST START=========================================
2022-08-08 15:57:34 INFO  Log:15 - =====================================verifyLogo TEST END=========================================
2022-08-08 15:57:47 INFO  Log:11 - =====================================verifyTitle TEST START=========================================
2022-08-08 15:57:47 INFO  Log:15 - =====================================verifyTitle TEST END=========================================
2022-08-08 15:58:01 INFO  Log:11 - =====================================verifyTotalPrice TEST START=========================================
2022-08-08 15:58:01 INFO  Log:22 - Entering product name
2022-08-08 15:58:12 INFO  Log:22 - Entering product quantity
2022-08-08 15:58:12 INFO  Log:22 - Entering product size
2022-08-08 15:58:18 INFO  Log:15 - =====================================verifyTotalPrice TEST END=========================================
2022-08-08 15:58:28 INFO  Log:11 - =====================================verifyProductIsAvailable TEST START=========================================
2022-08-08 15:58:28 INFO  Log:22 - Entering product for search
2022-08-08 15:58:32 INFO  Log:15 - =====================================verifyProductIsAvailable TEST END=========================================
2022-08-08 15:58:41 INFO  Log:11 - =====================================loginTest TEST START=========================================
2022-08-08 15:58:41 INFO  Log:22 - User is going to click on SignIn
2022-08-08 15:58:45 INFO  Log:22 - Enter Username and Password
2022-08-08 15:58:48 INFO  Log:22 - Verifying if User is able to login
2022-08-08 15:58:48 INFO  Log:22 - Login is Sucessful
2022-08-08 15:58:48 INFO  Log:15 - =====================================loginTest TEST END=========================================
2022-08-08 15:58:59 INFO  Log:11 - =====================================endToEndTest TEST START=========================================
2022-08-08 15:59:33 INFO  Log:15 - =====================================endToEndTest TEST END=========================================
2022-08-08 15:59:45 INFO  Log:11 - =====================================verifyaddToCart TEST START=========================================
2022-08-08 15:59:55 INFO  Log:22 - Entering quntity of Product
2022-08-08 15:59:55 INFO  Log:22 - Entering Size of Product
2022-08-08 15:59:55 INFO  Log:22 - Click on Add To Cart Button
2022-08-08 15:59:59 INFO  Log:15 - =====================================verifyaddToCart TEST END=========================================
2022-08-08 16:00:00 DEBUG cache:45 - Couldn't find template in cache for "v3html/v3-html-index.ftl"("en", UTF-8, parsed); will try to load it.
2022-08-08 16:00:00 DEBUG cache:45 - TemplateLoader.findTemplateSource("v3html/v3-html-index_en.ftl"): Not found
2022-08-08 16:00:00 DEBUG cache:45 - TemplateLoader.findTemplateSource("v3html/v3-html-index.ftl"): Found
2022-08-08 16:00:00 DEBUG cache:45 - Loading template for "v3html/v3-html-index.ftl"("en", UTF-8, parsed) from "jar:file:/C:/Users/Sanket/.m2/repository/com/aventstack/extentreports/4.0.9/extentreports-4.0.9.jar!/com/aventstack/extentreports/view/v3html/v3-html-index.ftl"
2022-08-08 16:00:01 DEBUG cache:45 - Couldn't find template in cache for "v3html/v3-html-head.ftl"("en", UTF-8, parsed); will try to load it.
2022-08-08 16:00:01 DEBUG cache:45 - TemplateLoader.findTemplateSource("v3html/v3-html-head_en.ftl"): Not found
2022-08-08 16:00:01 DEBUG cache:45 - TemplateLoader.findTemplateSource("v3html/v3-html-head.ftl"): Found
2022-08-08 16:00:01 DEBUG cache:45 - Loading template for "v3html/v3-html-head.ftl"("en", UTF-8, parsed) from "jar:file:/C:/Users/Sanket/.m2/repository/com/aventstack/extentreports/4.0.9/extentreports-4.0.9.jar!/com/aventstack/extentreports/view/v3html/v3-html-head.ftl"
2022-08-08 16:00:01 DEBUG cache:45 - Couldn't find template in cache for "v3html/v3-html-nav.ftl"("en", UTF-8, parsed); will try to load it.
2022-08-08 16:00:01 DEBUG cache:45 - TemplateLoader.findTemplateSource("v3html/v3-html-nav_en.ftl"): Not found
2022-08-08 16:00:01 DEBUG cache:45 - TemplateLoader.findTemplateSource("v3html/v3-html-nav.ftl"): Found
2022-08-08 16:00:01 DEBUG cache:45 - Loading template for "v3html/v3-html-nav.ftl"("en", UTF-8, parsed) from "jar:file:/C:/Users/Sanket/.m2/repository/com/aventstack/extentreports/4.0.9/extentreports-4.0.9.jar!/com/aventstack/extentreports/view/v3html/v3-html-nav.ftl"
2022-08-08 16:00:01 DEBUG cache:45 - Couldn't find template in cache for "v3html/test-view/v3-html-test-view.ftl"("en", UTF-8, parsed); will try to load it.
2022-08-08 16:00:01 DEBUG cache:45 - TemplateLoader.findTemplateSource("v3html/test-view/v3-html-test-view_en.ftl"): Not found
2022-08-08 16:00:01 DEBUG cache:45 - TemplateLoader.findTemplateSource("v3html/test-view/v3-html-test-view.ftl"): Found
2022-08-08 16:00:01 DEBUG cache:45 - Loading template for "v3html/test-view/v3-html-test-view.ftl"("en", UTF-8, parsed) from "jar:file:/C:/Users/Sanket/.m2/repository/com/aventstack/extentreports/4.0.9/extentreports-4.0.9.jar!/com/aventstack/extentreports/view/v3html/test-view/v3-html-test-view.ftl"
2022-08-08 16:00:01 DEBUG cache:45 - Couldn't find template in cache for "v3html/test-view/v3-html-test-view-charts.ftl"("en", UTF-8, parsed); will try to load it.
2022-08-08 16:00:01 DEBUG cache:45 - TemplateLoader.findTemplateSource("v3html/test-view/v3-html-test-view-charts_en.ftl"): Not found
2022-08-08 16:00:01 DEBUG cache:45 - TemplateLoader.findTemplateSource("v3html/test-view/v3-html-test-view-charts.ftl"): Found
2022-08-08 16:00:01 DEBUG cache:45 - Loading template for "v3html/test-view/v3-html-test-view-charts.ftl"("en", UTF-8, parsed) from "jar:file:/C:/Users/Sanket/.m2/repository/com/aventstack/extentreports/4.0.9/extentreports-4.0.9.jar!/com/aventstack/extentreports/view/v3html/test-view/v3-html-test-view-charts.ftl"
2022-08-08 16:00:01 DEBUG cache:45 - Couldn't find template in cache for "v3html/test-view/v3-html-standard.ftl"("en", UTF-8, parsed); will try to load it.
2022-08-08 16:00:01 DEBUG cache:45 - TemplateLoader.findTemplateSource("v3html/test-view/v3-html-standard_en.ftl"): Not found
2022-08-08 16:00:01 DEBUG cache:45 - TemplateLoader.findTemplateSource("v3html/test-view/v3-html-standard.ftl"): Found
2022-08-08 16:00:01 DEBUG cache:45 - Loading template for "v3html/test-view/v3-html-standard.ftl"("en", UTF-8, parsed) from "jar:file:/C:/Users/Sanket/.m2/repository/com/aventstack/extentreports/4.0.9/extentreports-4.0.9.jar!/com/aventstack/extentreports/view/v3html/test-view/v3-html-standard.ftl"
2022-08-08 16:00:01 DEBUG cache:45 - "v3html/test-view/v3-html-standard.ftl"("en", UTF-8, parsed) cached copy not yet stale; using cached.
2022-08-08 16:00:01 DEBUG cache:45 - "v3html/test-view/v3-html-standard.ftl"("en", UTF-8, parsed) cached copy not yet stale; using cached.
2022-08-08 16:00:01 DEBUG cache:45 - "v3html/test-view/v3-html-standard.ftl"("en", UTF-8, parsed) cached copy not yet stale; using cached.
2022-08-08 16:00:01 DEBUG cache:45 - "v3html/test-view/v3-html-standard.ftl"("en", UTF-8, parsed) cached copy not yet stale; using cached.
2022-08-08 16:00:01 DEBUG cache:45 - "v3html/test-view/v3-html-standard.ftl"("en", UTF-8, parsed) cached copy not yet stale; using cached.
2022-08-08 16:00:01 DEBUG cache:45 - "v3html/test-view/v3-html-standard.ftl"("en", UTF-8, parsed) cached copy not yet stale; using cached.
2022-08-08 16:00:01 DEBUG cache:45 - "v3html/test-view/v3-html-standard.ftl"("en", UTF-8, parsed) cached copy not yet stale; using cached.
2022-08-08 16:00:01 DEBUG cache:45 - "v3html/test-view/v3-html-standard.ftl"("en", UTF-8, parsed) cached copy not yet stale; using cached.
2022-08-08 16:00:01 DEBUG cache:45 - "v3html/test-view/v3-html-standard.ftl"("en", UTF-8, parsed) cached copy not yet stale; using cached.
2022-08-08 16:00:01 DEBUG cache:45 - Couldn't find template in cache for "v3html/category-view/v3-html-category-view.ftl"("en", UTF-8, parsed); will try to load it.
2022-08-08 16:00:01 DEBUG cache:45 - TemplateLoader.findTemplateSource("v3html/category-view/v3-html-category-view_en.ftl"): Not found
2022-08-08 16:00:01 DEBUG cache:45 - TemplateLoader.findTemplateSource("v3html/category-view/v3-html-category-view.ftl"): Found
2022-08-08 16:00:01 DEBUG cache:45 - Loading template for "v3html/category-view/v3-html-category-view.ftl"("en", UTF-8, parsed) from "jar:file:/C:/Users/Sanket/.m2/repository/com/aventstack/extentreports/4.0.9/extentreports-4.0.9.jar!/com/aventstack/extentreports/view/v3html/category-view/v3-html-category-view.ftl"
2022-08-08 16:00:01 DEBUG cache:45 - Couldn't find template in cache for "v3html/exception-view/v3-html-exception-view.ftl"("en", UTF-8, parsed); will try to load it.
2022-08-08 16:00:01 DEBUG cache:45 - TemplateLoader.findTemplateSource("v3html/exception-view/v3-html-exception-view_en.ftl"): Not found
2022-08-08 16:00:01 DEBUG cache:45 - TemplateLoader.findTemplateSource("v3html/exception-view/v3-html-exception-view.ftl"): Found
2022-08-08 16:00:01 DEBUG cache:45 - Loading template for "v3html/exception-view/v3-html-exception-view.ftl"("en", UTF-8, parsed) from "jar:file:/C:/Users/Sanket/.m2/repository/com/aventstack/extentreports/4.0.9/extentreports-4.0.9.jar!/com/aventstack/extentreports/view/v3html/exception-view/v3-html-exception-view.ftl"
2022-08-08 16:00:01 DEBUG cache:45 - Couldn't find template in cache for "v3html/author-view/v3-html-author-view.ftl"("en", UTF-8, parsed); will try to load it.
2022-08-08 16:00:01 DEBUG cache:45 - TemplateLoader.findTemplateSource("v3html/author-view/v3-html-author-view_en.ftl"): Not found
2022-08-08 16:00:01 DEBUG cache:45 - TemplateLoader.findTemplateSource("v3html/author-view/v3-html-author-view.ftl"): Found
2022-08-08 16:00:01 DEBUG cache:45 - Loading template for "v3html/author-view/v3-html-author-view.ftl"("en", UTF-8, parsed) from "jar:file:/C:/Users/Sanket/.m2/repository/com/aventstack/extentreports/4.0.9/extentreports-4.0.9.jar!/com/aventstack/extentreports/view/v3html/author-view/v3-html-author-view.ftl"
2022-08-08 16:00:01 DEBUG cache:45 - Couldn't find template in cache for "v3html/dashboard-view/v3-html-dashboard-view.ftl"("en", UTF-8, parsed); will try to load it.
2022-08-08 16:00:01 DEBUG cache:45 - TemplateLoader.findTemplateSource("v3html/dashboard-view/v3-html-dashboard-view_en.ftl"): Not found
2022-08-08 16:00:01 DEBUG cache:45 - TemplateLoader.findTemplateSource("v3html/dashboard-view/v3-html-dashboard-view.ftl"): Found
2022-08-08 16:00:01 DEBUG cache:45 - Loading template for "v3html/dashboard-view/v3-html-dashboard-view.ftl"("en", UTF-8, parsed) from "jar:file:/C:/Users/Sanket/.m2/repository/com/aventstack/extentreports/4.0.9/extentreports-4.0.9.jar!/com/aventstack/extentreports/view/v3html/dashboard-view/v3-html-dashboard-view.ftl"
2022-08-08 16:00:01 DEBUG cache:45 - Couldn't find template in cache for "v3html/logs-view/v3-html-testrunner-logs-view.ftl"("en", UTF-8, parsed); will try to load it.
2022-08-08 16:00:01 DEBUG cache:45 - TemplateLoader.findTemplateSource("v3html/logs-view/v3-html-testrunner-logs-view_en.ftl"): Not found
2022-08-08 16:00:01 DEBUG cache:45 - TemplateLoader.findTemplateSource("v3html/logs-view/v3-html-testrunner-logs-view.ftl"): Found
2022-08-08 16:00:01 DEBUG cache:45 - Loading template for "v3html/logs-view/v3-html-testrunner-logs-view.ftl"("en", UTF-8, parsed) from "jar:file:/C:/Users/Sanket/.m2/repository/com/aventstack/extentreports/4.0.9/extentreports-4.0.9.jar!/com/aventstack/extentreports/view/v3html/logs-view/v3-html-testrunner-logs-view.ftl"
2022-08-08 16:10:42 INFO  Log:11 - =====================================verifyAccountCreationPage TEST START=========================================
2022-08-08 16:10:49 INFO  Log:15 - =====================================verifyAccountCreationPage TEST END=========================================
2022-08-08 16:11:04 INFO  Log:11 - =====================================verifyOrderHistory TEST START=========================================
2022-08-08 16:11:11 INFO  Log:15 - =====================================verifyOrderHistory TEST END=========================================
2022-08-08 16:11:23 INFO  Log:11 - =====================================verifyWishList TEST START=========================================
2022-08-08 16:11:35 INFO  Log:15 - =====================================verifyWishList TEST END=========================================
2022-08-08 16:11:50 INFO  Log:11 - =====================================verifyLogo TEST START=========================================
2022-08-08 16:11:50 INFO  Log:15 - =====================================verifyLogo TEST END=========================================
2022-08-08 16:12:01 INFO  Log:11 - =====================================verifyTitle TEST START=========================================
2022-08-08 16:12:11 INFO  Log:11 - =====================================verifyTotalPrice TEST START=========================================
2022-08-08 16:12:11 INFO  Log:22 - Entering product name
2022-08-08 16:12:19 INFO  Log:22 - Entering product quantity
2022-08-08 16:12:19 INFO  Log:22 - Entering product size
2022-08-08 16:12:25 INFO  Log:15 - =====================================verifyTotalPrice TEST END=========================================
2022-08-08 16:12:40 INFO  Log:11 - =====================================verifyProductIsAvailable TEST START=========================================
2022-08-08 16:12:40 INFO  Log:22 - Entering product for search
2022-08-08 16:12:48 INFO  Log:15 - =====================================verifyProductIsAvailable TEST END=========================================
2022-08-08 16:13:02 INFO  Log:11 - =====================================loginTest TEST START=========================================
2022-08-08 16:13:02 INFO  Log:22 - User is going to click on SignIn
2022-08-08 16:13:07 INFO  Log:22 - Enter Username and Password
2022-08-08 16:13:11 INFO  Log:22 - Verifying if User is able to login
2022-08-08 16:13:11 INFO  Log:22 - Login is Sucessful
2022-08-08 16:13:11 INFO  Log:15 - =====================================loginTest TEST END=========================================
2022-08-08 16:13:22 INFO  Log:11 - =====================================endToEndTest TEST START=========================================
2022-08-08 16:14:00 INFO  Log:15 - =====================================endToEndTest TEST END=========================================
2022-08-08 16:14:11 INFO  Log:11 - =====================================verifyaddToCart TEST START=========================================
2022-08-08 16:14:18 INFO  Log:22 - Entering quntity of Product
2022-08-08 16:14:18 INFO  Log:22 - Entering Size of Product
2022-08-08 16:14:19 INFO  Log:22 - Click on Add To Cart Button
2022-08-08 16:14:21 INFO  Log:15 - =====================================verifyaddToCart TEST END=========================================
2022-08-08 16:14:21 DEBUG cache:45 - Couldn't find template in cache for "v3html/v3-html-index.ftl"("en", UTF-8, parsed); will try to load it.
2022-08-08 16:14:21 DEBUG cache:45 - TemplateLoader.findTemplateSource("v3html/v3-html-index_en.ftl"): Not found
2022-08-08 16:14:21 DEBUG cache:45 - TemplateLoader.findTemplateSource("v3html/v3-html-index.ftl"): Found
2022-08-08 16:14:21 DEBUG cache:45 - Loading template for "v3html/v3-html-index.ftl"("en", UTF-8, parsed) from "jar:file:/C:/Users/Sanket/.m2/repository/com/aventstack/extentreports/4.0.9/extentreports-4.0.9.jar!/com/aventstack/extentreports/view/v3html/v3-html-index.ftl"
2022-08-08 16:14:22 DEBUG cache:45 - Couldn't find template in cache for "v3html/v3-html-head.ftl"("en", UTF-8, parsed); will try to load it.
2022-08-08 16:14:22 DEBUG cache:45 - TemplateLoader.findTemplateSource("v3html/v3-html-head_en.ftl"): Not found
2022-08-08 16:14:22 DEBUG cache:45 - TemplateLoader.findTemplateSource("v3html/v3-html-head.ftl"): Found
2022-08-08 16:14:22 DEBUG cache:45 - Loading template for "v3html/v3-html-head.ftl"("en", UTF-8, parsed) from "jar:file:/C:/Users/Sanket/.m2/repository/com/aventstack/extentreports/4.0.9/extentreports-4.0.9.jar!/com/aventstack/extentreports/view/v3html/v3-html-head.ftl"
2022-08-08 16:14:22 DEBUG cache:45 - Couldn't find template in cache for "v3html/v3-html-nav.ftl"("en", UTF-8, parsed); will try to load it.
2022-08-08 16:14:22 DEBUG cache:45 - TemplateLoader.findTemplateSource("v3html/v3-html-nav_en.ftl"): Not found
2022-08-08 16:14:22 DEBUG cache:45 - TemplateLoader.findTemplateSource("v3html/v3-html-nav.ftl"): Found
2022-08-08 16:14:22 DEBUG cache:45 - Loading template for "v3html/v3-html-nav.ftl"("en", UTF-8, parsed) from "jar:file:/C:/Users/Sanket/.m2/repository/com/aventstack/extentreports/4.0.9/extentreports-4.0.9.jar!/com/aventstack/extentreports/view/v3html/v3-html-nav.ftl"
2022-08-08 16:14:22 DEBUG cache:45 - Couldn't find template in cache for "v3html/test-view/v3-html-test-view.ftl"("en", UTF-8, parsed); will try to load it.
2022-08-08 16:14:22 DEBUG cache:45 - TemplateLoader.findTemplateSource("v3html/test-view/v3-html-test-view_en.ftl"): Not found
2022-08-08 16:14:22 DEBUG cache:45 - TemplateLoader.findTemplateSource("v3html/test-view/v3-html-test-view.ftl"): Found
2022-08-08 16:14:22 DEBUG cache:45 - Loading template for "v3html/test-view/v3-html-test-view.ftl"("en", UTF-8, parsed) from "jar:file:/C:/Users/Sanket/.m2/repository/com/aventstack/extentreports/4.0.9/extentreports-4.0.9.jar!/com/aventstack/extentreports/view/v3html/test-view/v3-html-test-view.ftl"
2022-08-08 16:14:22 DEBUG cache:45 - Couldn't find template in cache for "v3html/test-view/v3-html-test-view-charts.ftl"("en", UTF-8, parsed); will try to load it.
2022-08-08 16:14:22 DEBUG cache:45 - TemplateLoader.findTemplateSource("v3html/test-view/v3-html-test-view-charts_en.ftl"): Not found
2022-08-08 16:14:22 DEBUG cache:45 - TemplateLoader.findTemplateSource("v3html/test-view/v3-html-test-view-charts.ftl"): Found
2022-08-08 16:14:22 DEBUG cache:45 - Loading template for "v3html/test-view/v3-html-test-view-charts.ftl"("en", UTF-8, parsed) from "jar:file:/C:/Users/Sanket/.m2/repository/com/aventstack/extentreports/4.0.9/extentreports-4.0.9.jar!/com/aventstack/extentreports/view/v3html/test-view/v3-html-test-view-charts.ftl"
2022-08-08 16:14:22 DEBUG cache:45 - Couldn't find template in cache for "v3html/test-view/v3-html-standard.ftl"("en", UTF-8, parsed); will try to load it.
2022-08-08 16:14:22 DEBUG cache:45 - TemplateLoader.findTemplateSource("v3html/test-view/v3-html-standard_en.ftl"): Not found
2022-08-08 16:14:22 DEBUG cache:45 - TemplateLoader.findTemplateSource("v3html/test-view/v3-html-standard.ftl"): Found
2022-08-08 16:14:22 DEBUG cache:45 - Loading template for "v3html/test-view/v3-html-standard.ftl"("en", UTF-8, parsed) from "jar:file:/C:/Users/Sanket/.m2/repository/com/aventstack/extentreports/4.0.9/extentreports-4.0.9.jar!/com/aventstack/extentreports/view/v3html/test-view/v3-html-standard.ftl"
2022-08-08 16:14:22 DEBUG cache:45 - "v3html/test-view/v3-html-standard.ftl"("en", UTF-8, parsed) cached copy not yet stale; using cached.
2022-08-08 16:14:22 DEBUG cache:45 - "v3html/test-view/v3-html-standard.ftl"("en", UTF-8, parsed) cached copy not yet stale; using cached.
2022-08-08 16:14:22 DEBUG cache:45 - "v3html/test-view/v3-html-standard.ftl"("en", UTF-8, parsed) cached copy not yet stale; using cached.
2022-08-08 16:14:22 DEBUG cache:45 - "v3html/test-view/v3-html-standard.ftl"("en", UTF-8, parsed) cached copy not yet stale; using cached.
2022-08-08 16:14:22 DEBUG cache:45 - "v3html/test-view/v3-html-standard.ftl"("en", UTF-8, parsed) cached copy not yet stale; using cached.
2022-08-08 16:14:22 DEBUG cache:45 - "v3html/test-view/v3-html-standard.ftl"("en", UTF-8, parsed) cached copy not yet stale; using cached.
2022-08-08 16:14:22 DEBUG cache:45 - "v3html/test-view/v3-html-standard.ftl"("en", UTF-8, parsed) cached copy not yet stale; using cached.
2022-08-08 16:14:22 DEBUG cache:45 - "v3html/test-view/v3-html-standard.ftl"("en", UTF-8, parsed) cached copy not yet stale; using cached.
2022-08-08 16:14:22 DEBUG cache:45 - "v3html/test-view/v3-html-standard.ftl"("en", UTF-8, parsed) cached copy not yet stale; using cached.
2022-08-08 16:14:22 DEBUG cache:45 - Couldn't find template in cache for "v3html/category-view/v3-html-category-view.ftl"("en", UTF-8, parsed); will try to load it.
2022-08-08 16:14:22 DEBUG cache:45 - TemplateLoader.findTemplateSource("v3html/category-view/v3-html-category-view_en.ftl"): Not found
2022-08-08 16:14:22 DEBUG cache:45 - TemplateLoader.findTemplateSource("v3html/category-view/v3-html-category-view.ftl"): Found
2022-08-08 16:14:22 DEBUG cache:45 - Loading template for "v3html/category-view/v3-html-category-view.ftl"("en", UTF-8, parsed) from "jar:file:/C:/Users/Sanket/.m2/repository/com/aventstack/extentreports/4.0.9/extentreports-4.0.9.jar!/com/aventstack/extentreports/view/v3html/category-view/v3-html-category-view.ftl"
2022-08-08 16:14:22 DEBUG cache:45 - Couldn't find template in cache for "v3html/exception-view/v3-html-exception-view.ftl"("en", UTF-8, parsed); will try to load it.
2022-08-08 16:14:22 DEBUG cache:45 - TemplateLoader.findTemplateSource("v3html/exception-view/v3-html-exception-view_en.ftl"): Not found
2022-08-08 16:14:22 DEBUG cache:45 - TemplateLoader.findTemplateSource("v3html/exception-view/v3-html-exception-view.ftl"): Found
2022-08-08 16:14:22 DEBUG cache:45 - Loading template for "v3html/exception-view/v3-html-exception-view.ftl"("en", UTF-8, parsed) from "jar:file:/C:/Users/Sanket/.m2/repository/com/aventstack/extentreports/4.0.9/extentreports-4.0.9.jar!/com/aventstack/extentreports/view/v3html/exception-view/v3-html-exception-view.ftl"
2022-08-08 16:14:22 DEBUG cache:45 - Couldn't find template in cache for "v3html/author-view/v3-html-author-view.ftl"("en", UTF-8, parsed); will try to load it.
2022-08-08 16:14:22 DEBUG cache:45 - TemplateLoader.findTemplateSource("v3html/author-view/v3-html-author-view_en.ftl"): Not found
2022-08-08 16:14:22 DEBUG cache:45 - TemplateLoader.findTemplateSource("v3html/author-view/v3-html-author-view.ftl"): Found
2022-08-08 16:14:22 DEBUG cache:45 - Loading template for "v3html/author-view/v3-html-author-view.ftl"("en", UTF-8, parsed) from "jar:file:/C:/Users/Sanket/.m2/repository/com/aventstack/extentreports/4.0.9/extentreports-4.0.9.jar!/com/aventstack/extentreports/view/v3html/author-view/v3-html-author-view.ftl"
2022-08-08 16:14:22 DEBUG cache:45 - Couldn't find template in cache for "v3html/dashboard-view/v3-html-dashboard-view.ftl"("en", UTF-8, parsed); will try to load it.
2022-08-08 16:14:22 DEBUG cache:45 - TemplateLoader.findTemplateSource("v3html/dashboard-view/v3-html-dashboard-view_en.ftl"): Not found
2022-08-08 16:14:22 DEBUG cache:45 - TemplateLoader.findTemplateSource("v3html/dashboard-view/v3-html-dashboard-view.ftl"): Found
2022-08-08 16:14:22 DEBUG cache:45 - Loading template for "v3html/dashboard-view/v3-html-dashboard-view.ftl"("en", UTF-8, parsed) from "jar:file:/C:/Users/Sanket/.m2/repository/com/aventstack/extentreports/4.0.9/extentreports-4.0.9.jar!/com/aventstack/extentreports/view/v3html/dashboard-view/v3-html-dashboard-view.ftl"
2022-08-08 16:14:22 DEBUG cache:45 - Couldn't find template in cache for "v3html/logs-view/v3-html-testrunner-logs-view.ftl"("en", UTF-8, parsed); will try to load it.
2022-08-08 16:14:22 DEBUG cache:45 - TemplateLoader.findTemplateSource("v3html/logs-view/v3-html-testrunner-logs-view_en.ftl"): Not found
2022-08-08 16:14:22 DEBUG cache:45 - TemplateLoader.findTemplateSource("v3html/logs-view/v3-html-testrunner-logs-view.ftl"): Found
2022-08-08 16:14:22 DEBUG cache:45 - Loading template for "v3html/logs-view/v3-html-testrunner-logs-view.ftl"("en", UTF-8, parsed) from "jar:file:/C:/Users/Sanket/.m2/repository/com/aventstack/extentreports/4.0.9/extentreports-4.0.9.jar!/com/aventstack/extentreports/view/v3html/logs-view/v3-html-testrunner-logs-view.ftl"
